<?xml version="1.0" encoding="UTF-8" ?>
<testsuite tests="18" failures="0" name="com.runner.RunnerTest" time="0.765" errors="2" skipped="1">
  <properties>
[...]
</properties>
  <testcase classname="Scenario: Error messgae should be displayed when incorrect e mail address is enetered while registering" name="Given I am on the Sign in page" time="0.006"/>
  <testcase classname="Scenario: Error messgae should be displayed when incorrect e mail address is enetered while registering" name="When I enter incorrect email address and clicks on create an account" time="0"/>
  <testcase classname="Scenario: Error messgae should be displayed when incorrect e mail address is enetered while registering" name="Then I should see an error message" time="0"/>
  <testcase classname="Scenario: Error messgae should be displayed when incorrect e mail address is enetered while registering" name="Scenario: Error messgae should be displayed when incorrect e mail address is enetered while registering" time="0.233"/>
  <testcase classname="Scenario: Working of MegaMenu" name="Given I am on the Home page" time="0"/>
  <testcase classname="Scenario: Working of MegaMenu" name="When I hover on Dresses on MegaMenu" time="0"/>
  <testcase classname="Scenario: Working of MegaMenu" name="And I click on Summer Dresses on sub menu" time="0"/>
  <testcase classname="Scenario: Working of MegaMenu" name="Then I should see Summer Dresses page" time="0"/>
  <testcase classname="Scenario: Working of MegaMenu" name="Scenario: Working of MegaMenu" time="0.231"/>
  <testcase classname="Scenario: Arrangement of product grid on Summer Dresses page" name="Given I am on Summer Dresses page" time="0"/>
  <testcase classname="Scenario: Arrangement of product grid on Summer Dresses page" name="When I click on Sort By Price" time="0"/>
  <testcase classname="Scenario: Arrangement of product grid on Summer Dresses page" name="Then I should see the product grid is arranged properly" time="0"/>
  <testcase classname="Scenario: Arrangement of product grid on Summer Dresses page" name="Scenario: Arrangement of product grid on Summer Dresses page" time="0.285"/>
  <testcase classname="Scenario: I should be able to register with a valid email address" name="Given I am on the Sign in page" time="0"/>
  <testcase classname="Scenario: I should be able to register with a valid email address" name="When I fill in valid Email address and click on create an account" time="0"/>
  <testcase classname="Scenario: I should be able to register with a valid email address" name="And I fill in personal information on create Account page and click on Register" time="0.003">
    <error type="java.lang.NullPointerException">java.lang.NullPointerException
	at com.pages.CreateAnAccountFormPage.fillPersonalInformation(CreateAnAccountFormPage.java:65)
	at stepDefinitions.StepDefinitions.I_fill_in_personal_information_on_create_Account_page_and_click_on_Register(StepDefinitions.java:99)
	at ✽.And I fill in personal information on create Account page and click on Register(validEmailRegister.feature:9)
</error>
  </testcase>
  <testcase classname="Scenario: I should be able to register with a valid email address" name="Scenario: I should be able to register with a valid email address" time="0.003">
    <error type="java.lang.NullPointerException">java.lang.NullPointerException
	at com.pages.CreateAnAccountFormPage.fillPersonalInformation(CreateAnAccountFormPage.java:65)
	at stepDefinitions.StepDefinitions.I_fill_in_personal_information_on_create_Account_page_and_click_on_Register(StepDefinitions.java:99)
	at ✽.And I fill in personal information on create Account page and click on Register(validEmailRegister.feature:9)
</error>
  </testcase>
  <testcase classname="Scenario: I should be able to register with a valid email address" name="Then I should see My Account page" time="0.004">
    <skipped/>
  </testcase>
</testsuite>